<?xml version="1.0" encoding="UTF-8"?>
<testng-results ignored="0" total="9" passed="9" failed="0" skipped="0">
  <reporter-output>
  </reporter-output>
  <suite started-at="2024-04-18T16:32:02 IST" name="Suite" finished-at="2024-04-18T16:33:19 IST" duration-ms="76976">
    <groups>
    </groups>
    <test started-at="2024-04-18T16:32:02 IST" name="Testng" finished-at="2024-04-18T16:33:19 IST" duration-ms="76976">
      <class name="com.findinghospitals.testcases.test_case">
        <test-method signature="setUp()[pri:-1, instance:com.findinghospitals.testcases.test_case@d5b810e]" started-at="2024-04-18T16:32:02 IST" name="setUp" finished-at="2024-04-18T16:32:25 IST" duration-ms="22298" status="PASS">
          <reporter-output>
          </reporter-output>
        </test-method> <!-- setUp -->
        <test-method signature="clickCity()[pri:0, instance:com.findinghospitals.testcases.test_case@d5b810e]" started-at="2024-04-18T16:32:25 IST" name="clickCity" finished-at="2024-04-18T16:32:27 IST" duration-ms="2193" status="PASS">
          <reporter-output>
          </reporter-output>
        </test-method> <!-- clickCity -->
        <test-method signature="enterHospital()[pri:1, instance:com.findinghospitals.testcases.test_case@d5b810e]" started-at="2024-04-18T16:32:27 IST" name="enterHospital" finished-at="2024-04-18T16:32:37 IST" duration-ms="10393" status="PASS">
          <reporter-output>
          </reporter-output>
        </test-method> <!-- enterHospital -->
        <test-method signature="list_Hospitals()[pri:2, instance:com.findinghospitals.testcases.test_case@d5b810e]" started-at="2024-04-18T16:32:37 IST" name="list_Hospitals" finished-at="2024-04-18T16:32:47 IST" duration-ms="9441" status="PASS">
          <reporter-output>
          </reporter-output>
        </test-method> <!-- list_Hospitals -->
        <test-method signature="bookDiagnostic()[pri:3, instance:com.findinghospitals.testcases.test_case@d5b810e]" started-at="2024-04-18T16:32:47 IST" name="bookDiagnostic" finished-at="2024-04-18T16:33:11 IST" duration-ms="24695" status="PASS">
          <reporter-output>
          </reporter-output>
        </test-method> <!-- bookDiagnostic -->
        <test-method signature="docSpecialities()[pri:5, instance:com.findinghospitals.testcases.test_case@d5b810e]" started-at="2024-04-18T16:33:11 IST" name="docSpecialities" finished-at="2024-04-18T16:33:15 IST" duration-ms="3345" status="PASS">
          <reporter-output>
          </reporter-output>
        </test-method> <!-- docSpecialities -->
        <test-method signature="clickPractoDrive()[pri:6, instance:com.findinghospitals.testcases.test_case@d5b810e]" started-at="2024-04-18T16:33:15 IST" name="clickPractoDrive" finished-at="2024-04-18T16:33:18 IST" duration-ms="3293" status="PASS">
          <reporter-output>
          </reporter-output>
        </test-method> <!-- clickPractoDrive -->
        <test-method signature="validateInstagram()[pri:7, instance:com.findinghospitals.testcases.test_case@d5b810e]" started-at="2024-04-18T16:33:18 IST" name="validateInstagram" finished-at="2024-04-18T16:33:18 IST" duration-ms="71" status="PASS">
          <reporter-output>
          </reporter-output>
        </test-method> <!-- validateInstagram -->
        <test-method signature="tearDown()[pri:8, instance:com.findinghospitals.testcases.test_case@d5b810e]" started-at="2024-04-18T16:33:18 IST" name="tearDown" finished-at="2024-04-18T16:33:19 IST" duration-ms="1195" status="PASS">
          <reporter-output>
          </reporter-output>
        </test-method> <!-- tearDown -->
      </class> <!-- com.findinghospitals.testcases.test_case -->
    </test> <!-- Testng -->
  </suite> <!-- Suite -->
</testng-results>
