<?xml version="1.0" encoding="UTF-8"?>
<testng-results ignored="0" total="5" passed="5" failed="0" skipped="0">
  <reporter-output>
  </reporter-output>
  <suite started-at="2024-04-18T18:24:14 IST" name="Default suite" finished-at="2024-04-18T18:26:05 IST" duration-ms="110930">
    <groups>
      <group name="cucumber">
        <method signature="AbstractTestNGCucumberTests.runScenario(io.cucumber.testng.PickleWrapper,io.cucumber.testng.FeatureWrapper)[pri:0, instance:testRunner.TestRunner@74e28667]" name="runScenario" class="io.cucumber.testng.AbstractTestNGCucumberTests"/>
      </group> <!-- cucumber -->
    </groups>
    <test started-at="2024-04-18T18:24:14 IST" name="Default test" finished-at="2024-04-18T18:26:05 IST" duration-ms="110930">
      <class name="testRunner.TestRunner">
        <test-method is-config="true" signature="setUpClass(org.testng.ITestContext)[pri:0, instance:testRunner.TestRunner@74e28667]" started-at="2024-04-18T18:24:14 IST" name="setUpClass" finished-at="2024-04-18T18:24:16 IST" duration-ms="2408" status="PASS">
          <params>
            <param index="0">
              <value>
                <![CDATA[org.testng.TestRunner@750c23a3]]>
              </value>
            </param>
          </params>
          <reporter-output>
          </reporter-output>
        </test-method> <!-- setUpClass -->
        <test-method signature="runScenario(io.cucumber.testng.PickleWrapper,io.cucumber.testng.FeatureWrapper)[pri:0, instance:testRunner.TestRunner@74e28667]" started-at="2024-04-18T18:24:16 IST" name="runScenario" description="Runs Cucumber Scenarios" data-provider="scenarios" finished-at="2024-04-18T18:24:51 IST" duration-ms="34801" status="PASS">
          <params>
            <param index="0">
              <value>
                <![CDATA["Capture the hospital name and rating"]]>
              </value>
            </param>
            <param index="1">
              <value>
                <![CDATA["Finding Hospital - Practo"]]>
              </value>
            </param>
          </params>
          <reporter-output>
          </reporter-output>
        </test-method> <!-- runScenario -->
        <test-method signature="runScenario(io.cucumber.testng.PickleWrapper,io.cucumber.testng.FeatureWrapper)[pri:0, instance:testRunner.TestRunner@74e28667]" started-at="2024-04-18T18:24:51 IST" name="runScenario" description="Runs Cucumber Scenarios" data-provider="scenarios" finished-at="2024-04-18T18:25:04 IST" duration-ms="13010" status="PASS">
          <params>
            <param index="0">
              <value>
                <![CDATA["Go to Book Diagnostic Test and pick all top cities name"]]>
              </value>
            </param>
            <param index="1">
              <value>
                <![CDATA["Finding Hospital - Practo"]]>
              </value>
            </param>
          </params>
          <reporter-output>
          </reporter-output>
        </test-method> <!-- runScenario -->
        <test-method signature="runScenario(io.cucumber.testng.PickleWrapper,io.cucumber.testng.FeatureWrapper)[pri:0, instance:testRunner.TestRunner@74e28667]" started-at="2024-04-18T18:25:04 IST" name="runScenario" description="Runs Cucumber Scenarios" data-provider="scenarios" finished-at="2024-04-18T18:25:16 IST" duration-ms="11800" status="PASS">
          <params>
            <param index="0">
              <value>
                <![CDATA["Go to View All Specialties and print all specialties with price"]]>
              </value>
            </param>
            <param index="1">
              <value>
                <![CDATA["Finding Hospital - Practo"]]>
              </value>
            </param>
          </params>
          <reporter-output>
          </reporter-output>
        </test-method> <!-- runScenario -->
        <test-method signature="runScenario(io.cucumber.testng.PickleWrapper,io.cucumber.testng.FeatureWrapper)[pri:0, instance:testRunner.TestRunner@74e28667]" started-at="2024-04-18T18:25:16 IST" name="runScenario" description="Runs Cucumber Scenarios" data-provider="scenarios" finished-at="2024-04-18T18:25:39 IST" duration-ms="23492" status="PASS">
          <params>
            <param index="0">
              <value>
                <![CDATA["click on practo drive and enter invalid details"]]>
              </value>
            </param>
            <param index="1">
              <value>
                <![CDATA["Finding Hospital - Practo"]]>
              </value>
            </param>
          </params>
          <reporter-output>
          </reporter-output>
        </test-method> <!-- runScenario -->
        <test-method signature="runScenario(io.cucumber.testng.PickleWrapper,io.cucumber.testng.FeatureWrapper)[pri:0, instance:testRunner.TestRunner@74e28667]" started-at="2024-04-18T18:25:39 IST" name="runScenario" description="Runs Cucumber Scenarios" data-provider="scenarios" finished-at="2024-04-18T18:26:00 IST" duration-ms="20943" status="PASS">
          <params>
            <param index="0">
              <value>
                <![CDATA["Check if Instagram is present under Social"]]>
              </value>
            </param>
            <param index="1">
              <value>
                <![CDATA["Finding Hospital - Practo"]]>
              </value>
            </param>
          </params>
          <reporter-output>
          </reporter-output>
        </test-method> <!-- runScenario -->
        <test-method is-config="true" signature="tearDownClass()[pri:0, instance:testRunner.TestRunner@74e28667]" started-at="2024-04-18T18:26:00 IST" name="tearDownClass" finished-at="2024-04-18T18:26:05 IST" duration-ms="4401" status="PASS">
          <reporter-output>
          </reporter-output>
        </test-method> <!-- tearDownClass -->
      </class> <!-- testRunner.TestRunner -->
    </test> <!-- Default test -->
  </suite> <!-- Default suite -->
</testng-results>
