<?xml version="1.0" encoding="UTF-8"?>
<!-- Generated by org.testng.reporters.JUnitXMLReporter -->
<testsuite ignored="0" hostname="LTIN509671" failures="0" tests="9" name="Testng" time="81.716" errors="0" timestamp="2024-04-18T10:59:41 IST">
  <testcase classname="com.findinghospitals.testcases.test_case" name="setUp" time="14.778"/>
  <testcase classname="com.findinghospitals.testcases.test_case" name="clickCity" time="2.574"/>
  <testcase classname="com.findinghospitals.testcases.test_case" name="enterHospital" time="6.387"/>
  <testcase classname="com.findinghospitals.testcases.test_case" name="list_Hospitals" time="11.071"/>
  <testcase classname="com.findinghospitals.testcases.test_case" name="bookDiagnostic" time="35.662"/>
  <testcase classname="com.findinghospitals.testcases.test_case" name="docSpecialities" time="6.16"/>
  <testcase classname="com.findinghospitals.testcases.test_case" name="clickPractoDrive" time="3.701"/>
  <testcase classname="com.findinghospitals.testcases.test_case" name="validateInstagram" time="0.096"/>
  <testcase classname="com.findinghospitals.testcases.test_case" name="tearDown" time="1.185"/>
</testsuite> <!-- Testng -->
